[2024/10/09 01:18:31.175] - Starting server with initial configuration: {"gasLimit":6721975,"gasPrice":20000000000,"hardfork":"merge","hostname":"127.0.0.1","port":7545,"network_id":5777,"default_balance_ether":100,"total_accounts":10,"unlocked_accounts":[],"locked":false,"vmErrorsOnRPCResponse":true,"verbose":false,"flavor":"ethereum","db_path":"/home/raven/.config/Ganache/ui/workspaces/condemned-feet/chaindata","mnemonic":"penalty tuition truth body crane they danger consider chase doll acquire opinion","logDirectory":"/home/raven/code/Blockchain/logs"}
[2024/10/09 01:18:31.359] - eth_subscribe
[2024/10/09 01:18:31.363] - eth_getLogs
[2024/10/09 01:18:31.365] - eth_subscribe
[2024/10/09 01:18:31.412] - eth_subscribe
[2024/10/09 01:18:31.413] - eth_getLogs
[2024/10/09 01:18:31.413] - eth_subscribe
[2024/10/09 01:18:31.464] - eth_getBlockByNumber
[2024/10/09 01:18:31.466] - eth_subscribe
[2024/10/09 01:18:31.468] - eth_getBlockByNumber
[2024/10/09 01:18:31.468] - eth_subscribe
[2024/10/09 01:18:31.519] - eth_blockNumber
[2024/10/09 01:18:31.520] - eth_accounts
[2024/10/09 01:18:31.521] - eth_gasPrice
[2024/10/09 01:18:31.522] - eth_blockNumber
[2024/10/09 01:18:31.522] - eth_accounts
[2024/10/09 01:18:31.522] - eth_gasPrice
[2024/10/09 01:18:31.570] - eth_getBalance
[2024/10/09 01:18:31.574] - eth_getTransactionCount
[2024/10/09 01:18:31.578] - eth_getBalance
[2024/10/09 01:18:31.585] - eth_getTransactionCount
[2024/10/09 01:18:31.592] - eth_getBalance
[2024/10/09 01:18:31.598] - eth_getTransactionCount
[2024/10/09 01:18:31.604] - eth_getBalance
[2024/10/09 01:18:31.612] - eth_getTransactionCount
[2024/10/09 01:18:31.620] - eth_getBalance
[2024/10/09 01:18:31.628] - eth_getTransactionCount
[2024/10/09 01:18:31.633] - eth_getBalance
[2024/10/09 01:18:31.637] - eth_getTransactionCount
[2024/10/09 01:18:31.641] - eth_getBalance
[2024/10/09 01:18:31.645] - eth_getTransactionCount
[2024/10/09 01:18:31.651] - eth_getBalance
[2024/10/09 01:18:31.656] - eth_getTransactionCount
[2024/10/09 01:18:31.660] - eth_getBalance
[2024/10/09 01:18:31.663] - eth_getTransactionCount
[2024/10/09 01:18:31.666] - eth_getBalance
[2024/10/09 01:18:31.669] - eth_getTransactionCount
[2024/10/09 01:18:31.674] - eth_getBalance
[2024/10/09 01:18:31.677] - eth_getTransactionCount
[2024/10/09 01:18:31.682] - eth_getBalance
[2024/10/09 01:18:31.686] - eth_getTransactionCount
[2024/10/09 01:18:31.690] - eth_getBalance
[2024/10/09 01:18:31.693] - eth_getTransactionCount
[2024/10/09 01:18:31.697] - eth_getBalance
[2024/10/09 01:18:31.701] - eth_getTransactionCount
[2024/10/09 01:18:31.704] - eth_getBalance
[2024/10/09 01:18:31.709] - eth_getTransactionCount
[2024/10/09 01:18:31.712] - eth_getBalance
[2024/10/09 01:18:31.716] - eth_getTransactionCount
[2024/10/09 01:18:31.720] - eth_getBalance
[2024/10/09 01:18:31.725] - eth_getTransactionCount
[2024/10/09 01:18:31.729] - eth_getBalance
[2024/10/09 01:18:31.733] - eth_getTransactionCount
[2024/10/09 01:18:31.737] - eth_getBalance
[2024/10/09 01:18:31.741] - eth_getTransactionCount
[2024/10/09 01:18:31.746] - eth_getBalance
[2024/10/09 01:18:31.751] - eth_getTransactionCount
[2024/10/09 01:18:31.808] - eth_getBalance
[2024/10/09 01:18:31.814] - eth_getTransactionCount
[2024/10/09 01:18:31.819] - eth_getBalance
[2024/10/09 01:18:31.828] - eth_getTransactionCount
[2024/10/09 01:18:31.833] - eth_getBalance
[2024/10/09 01:18:31.842] - eth_getTransactionCount
[2024/10/09 01:18:31.848] - eth_getBalance
[2024/10/09 01:18:31.854] - eth_getTransactionCount
[2024/10/09 01:18:31.860] - eth_getBalance
[2024/10/09 01:18:31.867] - eth_getTransactionCount
[2024/10/09 01:18:31.871] - eth_getBalance
[2024/10/09 01:18:31.875] - eth_getTransactionCount
[2024/10/09 01:18:31.880] - eth_getBalance
[2024/10/09 01:18:31.885] - eth_getTransactionCount
[2024/10/09 01:18:31.888] - eth_getBalance
[2024/10/09 01:18:31.894] - eth_getTransactionCount
[2024/10/09 01:18:31.898] - eth_getBalance
[2024/10/09 01:18:31.903] - eth_getTransactionCount
[2024/10/09 01:18:31.909] - eth_getBalance
[2024/10/09 01:18:31.912] - eth_getTransactionCount
[2024/10/09 01:18:31.916] - eth_getBalance
[2024/10/09 01:18:31.920] - eth_getTransactionCount
[2024/10/09 01:18:31.925] - eth_getBalance
[2024/10/09 01:18:31.929] - eth_getTransactionCount
[2024/10/09 01:18:31.933] - eth_getBalance
[2024/10/09 01:18:31.937] - eth_getTransactionCount
[2024/10/09 01:18:31.942] - eth_getBalance
[2024/10/09 01:18:31.945] - eth_getTransactionCount
[2024/10/09 01:18:31.950] - eth_getBalance
[2024/10/09 01:18:31.955] - eth_getTransactionCount
[2024/10/09 01:18:31.956] - eth_getBalance
[2024/10/09 01:18:31.961] - eth_getTransactionCount
[2024/10/09 01:18:31.964] - eth_getBalance
[2024/10/09 01:18:31.967] - eth_getTransactionCount
[2024/10/09 01:18:31.970] - eth_getBalance
[2024/10/09 01:18:31.975] - eth_getTransactionCount
[2024/10/09 01:18:31.982] - eth_getBalance
[2024/10/09 01:18:31.982] - eth_getTransactionCount
[2024/10/09 01:18:31.986] - eth_getBalance
[2024/10/09 01:18:31.991] - eth_getTransactionCount
[2024/10/09 01:18:48.130] - eth_getBlockByNumber
[2024/10/09 01:18:48.150] - eth_getBlockTransactionCountByHash
[2024/10/09 01:18:58.012] - eth_getBlockByNumber
[2024/10/09 01:19:10.183] - eth_getLogs
[2024/10/09 01:41:57.960] - eth_blockNumber
[2024/10/09 01:41:57.984] - net_version
[2024/10/09 01:41:57.989] - eth_accounts
[2024/10/09 01:48:35.006] - eth_blockNumber
[2024/10/09 01:48:35.057] - net_version
[2024/10/09 01:48:35.062] - eth_accounts
[2024/10/09 01:49:01.157] - eth_blockNumber
[2024/10/09 01:49:01.197] - net_version
[2024/10/09 01:49:01.209] - eth_accounts
[2024/10/09 01:58:19.404] - eth_blockNumber
[2024/10/09 01:58:19.430] - net_version
[2024/10/09 01:58:19.439] - eth_accounts
[2024/10/09 01:58:40.695] - eth_blockNumber
[2024/10/09 01:58:40.714] - net_version
[2024/10/09 01:58:40.719] - eth_accounts
[2024/10/09 01:58:40.734] - eth_blockNumber
[2024/10/09 01:58:40.743] - net_version
[2024/10/09 01:58:42.196] - eth_accounts
[2024/10/09 01:58:43.097] - evm_snapshot
[2024/10/09 01:58:43.098] - Saved snapshot #1
[2024/10/09 01:58:43.209] - net_version
[2024/10/09 01:58:43.219] - eth_blockNumber
[2024/10/09 01:58:43.241] - net_version
[2024/10/09 01:58:43.245] - eth_getBlockByNumber
[2024/10/09 01:58:43.297] - eth_getBlockByNumber
[2024/10/09 01:58:43.300] - eth_getLogs
[2024/10/09 01:59:50.264] - eth_blockNumber
[2024/10/09 01:59:50.287] - net_version
[2024/10/09 01:59:50.293] - eth_accounts
[2024/10/09 01:59:58.439] - eth_blockNumber
[2024/10/09 01:59:58.460] - net_version
[2024/10/09 01:59:58.466] - eth_accounts
[2024/10/09 01:59:58.515] - eth_blockNumber
[2024/10/09 01:59:58.529] - net_version
[2024/10/09 01:59:59.913] - eth_accounts
[2024/10/09 02:00:00.750] - evm_snapshot
[2024/10/09 02:00:00.750] - Saved snapshot #2
[2024/10/09 02:00:00.845] - net_version
[2024/10/09 02:00:00.852] - eth_blockNumber
[2024/10/09 02:00:00.869] - net_version
[2024/10/09 02:00:00.874] - eth_getBlockByNumber
[2024/10/09 02:00:00.909] - eth_getBlockByNumber
[2024/10/09 02:00:00.912] - eth_getLogs
[2024/10/09 02:03:04.004] - eth_blockNumber
[2024/10/09 02:03:04.034] - net_version
[2024/10/09 02:03:04.041] - eth_accounts
[2024/10/09 02:03:19.133] - eth_blockNumber
[2024/10/09 02:03:19.153] - net_version
[2024/10/09 02:03:19.158] - eth_accounts
[2024/10/09 02:03:19.204] - eth_accounts
[2024/10/09 02:12:40.586] - eth_blockNumber
[2024/10/09 02:12:40.608] - net_version
[2024/10/09 02:12:40.615] - eth_accounts
[2024/10/09 02:17:42.581] - eth_blockNumber
[2024/10/09 02:17:42.605] - net_version
[2024/10/09 02:17:42.611] - eth_accounts
[2024/10/09 02:17:42.641] - eth_accounts
[2024/10/09 02:18:19.695] - net_version
[2024/10/09 02:18:19.703] - eth_getBlockByNumber
[2024/10/09 02:21:35.500] - eth_unsubscribe
[2024/10/09 02:21:35.501] - eth_unsubscribe
