[2024/10/09 02:21:35.547] - Starting server with initial configuration: {"gasLimit":6721975,"gasPrice":20000000000,"hardfork":"merge","hostname":"127.0.0.1","port":7545,"network_id":5777,"default_balance_ether":100,"total_accounts":10,"unlocked_accounts":[],"locked":false,"vmErrorsOnRPCResponse":true,"verbose":false,"flavor":"ethereum","db_path":"/home/raven/.config/Ganache/ui/workspaces/condemned-feet/chaindata","mnemonic":"penalty tuition truth body crane they danger consider chase doll acquire opinion","logDirectory":"/home/raven/code/Blockchain/logs"}
[2024/10/09 02:21:35.681] - eth_subscribe
[2024/10/09 02:21:35.681] - eth_getLogs
[2024/10/09 02:21:35.682] - eth_subscribe
[2024/10/09 02:21:35.722] - eth_subscribe
[2024/10/09 02:21:35.723] - eth_getLogs
[2024/10/09 02:21:35.725] - eth_subscribe
[2024/10/09 02:21:35.758] - eth_blockNumber
[2024/10/09 02:21:35.759] - eth_accounts
[2024/10/09 02:21:35.759] - eth_gasPrice
[2024/10/09 02:21:35.760] - eth_getBlockByNumber
[2024/10/09 02:21:35.760] - eth_subscribe
[2024/10/09 02:21:35.762] - eth_blockNumber
[2024/10/09 02:21:35.763] - eth_accounts
[2024/10/09 02:21:35.764] - eth_gasPrice
[2024/10/09 02:21:35.767] - eth_accounts
[2024/10/09 02:21:35.768] - eth_getBlockByNumber
[2024/10/09 02:21:35.768] - eth_subscribe
[2024/10/09 02:21:35.807] - eth_getBalance
[2024/10/09 02:21:35.811] - eth_getTransactionCount
[2024/10/09 02:21:35.814] - eth_getBalance
[2024/10/09 02:21:35.818] - eth_getTransactionCount
[2024/10/09 02:21:35.823] - eth_getBalance
[2024/10/09 02:21:35.827] - eth_getTransactionCount
[2024/10/09 02:21:35.830] - eth_getBalance
[2024/10/09 02:21:35.838] - eth_getTransactionCount
[2024/10/09 02:21:35.841] - eth_getBalance
[2024/10/09 02:21:35.849] - eth_getTransactionCount
[2024/10/09 02:21:35.856] - eth_getBalance
[2024/10/09 02:21:35.860] - eth_getTransactionCount
[2024/10/09 02:21:35.864] - eth_getBalance
[2024/10/09 02:21:35.871] - eth_getTransactionCount
[2024/10/09 02:21:35.877] - eth_getBalance
[2024/10/09 02:21:35.882] - eth_getTransactionCount
[2024/10/09 02:21:35.888] - eth_getBalance
[2024/10/09 02:21:35.893] - eth_getTransactionCount
[2024/10/09 02:21:35.899] - eth_getBalance
[2024/10/09 02:21:35.903] - eth_getTransactionCount
[2024/10/09 02:21:35.916] - eth_getBalance
[2024/10/09 02:21:35.920] - eth_getTransactionCount
[2024/10/09 02:21:35.924] - eth_getBalance
[2024/10/09 02:21:35.928] - eth_getTransactionCount
[2024/10/09 02:21:35.931] - eth_getBalance
[2024/10/09 02:21:35.934] - eth_getTransactionCount
[2024/10/09 02:21:35.937] - eth_getBalance
[2024/10/09 02:21:35.940] - eth_getTransactionCount
[2024/10/09 02:21:35.948] - eth_getBalance
[2024/10/09 02:21:35.949] - eth_getTransactionCount
[2024/10/09 02:21:35.956] - eth_getBalance
[2024/10/09 02:21:35.961] - eth_getTransactionCount
[2024/10/09 02:21:35.969] - eth_getBalance
[2024/10/09 02:21:35.977] - eth_getTransactionCount
[2024/10/09 02:21:35.982] - eth_getBalance
[2024/10/09 02:21:35.988] - eth_getTransactionCount
[2024/10/09 02:21:35.994] - eth_getBalance
[2024/10/09 02:21:35.998] - eth_getTransactionCount
[2024/10/09 02:21:36.003] - eth_getBalance
[2024/10/09 02:21:36.007] - eth_getTransactionCount
[2024/10/09 02:21:36.011] - eth_getBalance
[2024/10/09 02:21:36.016] - eth_getTransactionCount
[2024/10/09 02:21:36.023] - eth_getBalance
[2024/10/09 02:21:36.029] - eth_getTransactionCount
[2024/10/09 02:21:36.040] - eth_getBalance
[2024/10/09 02:21:36.042] - eth_getTransactionCount
[2024/10/09 02:21:36.046] - eth_getBalance
[2024/10/09 02:21:36.050] - eth_getTransactionCount
[2024/10/09 02:21:36.054] - eth_getBalance
[2024/10/09 02:21:36.059] - eth_getTransactionCount
[2024/10/09 02:21:36.065] - eth_getBalance
[2024/10/09 02:21:36.070] - eth_getTransactionCount
[2024/10/09 02:21:36.074] - eth_getBalance
[2024/10/09 02:21:36.078] - eth_getTransactionCount
[2024/10/09 02:21:36.082] - eth_getBalance
[2024/10/09 02:21:36.086] - eth_getTransactionCount
[2024/10/09 02:21:36.092] - eth_getBalance
[2024/10/09 02:21:36.098] - eth_getTransactionCount
[2024/10/09 02:21:36.101] - eth_getBalance
[2024/10/09 02:21:36.105] - eth_getTransactionCount
[2024/10/09 02:21:36.151] - eth_getBalance
[2024/10/09 02:21:36.157] - eth_getTransactionCount
[2024/10/09 02:21:36.160] - eth_getBalance
[2024/10/09 02:21:36.168] - eth_getTransactionCount
[2024/10/09 02:21:36.172] - eth_getBalance
[2024/10/09 02:21:36.179] - eth_getTransactionCount
[2024/10/09 02:21:36.183] - eth_getBalance
[2024/10/09 02:21:36.187] - eth_getTransactionCount
[2024/10/09 02:21:36.193] - eth_getBalance
[2024/10/09 02:21:36.197] - eth_getTransactionCount
[2024/10/09 02:21:36.202] - eth_getBalance
[2024/10/09 02:21:36.205] - eth_getTransactionCount
[2024/10/09 02:21:36.211] - eth_getBalance
[2024/10/09 02:21:36.217] - eth_getTransactionCount
[2024/10/09 02:21:36.225] - eth_getBalance
[2024/10/09 02:21:36.232] - eth_getTransactionCount
[2024/10/09 02:21:36.234] - eth_getBalance
[2024/10/09 02:21:36.241] - eth_getTransactionCount
[2024/10/09 02:21:36.242] - eth_getBalance
[2024/10/09 02:21:36.247] - eth_getTransactionCount
[2024/10/09 02:21:39.611] - eth_getBlockByNumber
[2024/10/09 02:21:39.631] - eth_getBlockTransactionCountByHash
[2024/10/09 02:21:40.759] - eth_getBlockByNumber
[2024/10/09 02:22:59.468] - eth_blockNumber
[2024/10/09 02:22:59.487] - net_version
[2024/10/09 02:22:59.491] - eth_accounts
[2024/10/09 02:23:23.327] - eth_blockNumber
[2024/10/09 02:23:23.361] - net_version
[2024/10/09 02:23:23.367] - eth_accounts
[2024/10/09 02:23:23.466] - eth_accounts
[2024/10/09 02:23:59.264] - net_version
[2024/10/09 02:23:59.276] - eth_getBlockByNumber
